build/app/outputs/mapping/release/mapping.txt
# compiler: R8
# compiler_version: 1.5.64
# min_api: 23
# pg_map_id: e00c5de
...
flutter.moum.hardware_buttons.HardwareButtonsWatcherManager$attachKeyWatcherIfNeeded$1 -> c.a.a.c$h:
    flutter.moum.hardware_buttons.HardwareButtonsWatcherManager this$0 -> a
    java.lang.Object invoke(java.lang.Object) -> a
    void invoke(android.view.KeyEvent) -> a
flutter.moum.hardware_buttons.HardwareButtonsWatcherManager$attachKeyWatcherIfNeeded$2 -> c.a.a.c$i:
    flutter.moum.hardware_buttons.HardwareButtonsWatcherManager this$0 -> a
    android.view.View invoke() -> b
    java.lang.Object invoke() -> b
flutter.moum.hardware_buttons.HardwareButtonsWatcherManager$attachScreenOffWatcherIfNeeded$1 -> c.a.a.c$j:
    flutter.moum.hardware_buttons.HardwareButtonsWatcherManager this$0 -> a
    java.lang.Object invoke(java.lang.Object) -> a
    void invoke(int) -> a
flutter.moum.hardware_buttons.HardwareButtonsWatcherManager$registerActivityLifecycleCallbacksIfNeeded$1 -> c.a.a.c$k:
    flutter.moum.hardware_buttons.HardwareButtonsWatcherManager this$0 -> a
flutter.moum.hardware_buttons.HomeButtonStreamHandler -> c.a.a.d:
    android.app.Activity activity -> d
    android.app.Application application -> a
    io.flutter.plugin.common.EventChannel$EventSink streamSink -> b
    flutter.moum.hardware_buttons.HomeButtonStreamHandler$homeButtonListener$1 homeButtonListener -> c
    io.flutter.plugin.common.EventChannel$EventSink access$getStreamSink$p(flutter.moum.hardware_buttons.HomeButtonStreamHandler) -> a
    void onCancel(java.lang.Object) -> a
    void onListen(java.lang.Object,io.flutter.plugin.common.EventChannel$EventSink) -> a
flutter.moum.hardware_buttons.HomeButtonStreamHandler$homeButtonListener$1 -> c.a.a.d$a:
    flutter.moum.hardware_buttons.HomeButtonStreamHandler this$0 -> a
    void onHomeButtonEvent() -> a
flutter.moum.hardware_buttons.HomeButtonWatcher -> c.a.a.e:
    kotlin.jvm.functions.Function0 callback -> a
flutter.moum.hardware_buttons.HomeButtonWatcher$Companion -> c.a.a.e$a:
flutter.moum.hardware_buttons.KeyWatcher -> c.a.a.f:
    kotlin.jvm.functions.Function1 callback -> a
    kotlin.jvm.functions.Function0 findFocusCallback -> b
flutter.moum.hardware_buttons.LockButtonStreamHandler -> c.a.a.g:
    android.app.Activity activity -> d
    android.app.Application application -> a
    flutter.moum.hardware_buttons.LockButtonStreamHandler$lockButtonListener$1 lockButtonListener -> c
    io.flutter.plugin.common.EventChannel$EventSink streamSink -> b
    io.flutter.plugin.common.EventChannel$EventSink access$getStreamSink$p(flutter.moum.hardware_buttons.LockButtonStreamHandler) -> a
    void onCancel(java.lang.Object) -> a
    void onListen(java.lang.Object,io.flutter.plugin.common.EventChannel$EventSink) -> a
flutter.moum.hardware_buttons.LockButtonStreamHandler$lockButtonListener$1 -> c.a.a.g$a:
    flutter.moum.hardware_buttons.LockButtonStreamHandler this$0 -> a
    void onLockButtonEvent() -> a
flutter.moum.hardware_buttons.ScreenOffWatcher -> c.a.a.h:
    kotlin.jvm.functions.Function1 callback -> a
flutter.moum.hardware_buttons.ScreenOffWatcher$Companion -> c.a.a.h$a:
flutter.moum.hardware_buttons.VolumeButtonStreamHandler -> c.a.a.i:
    flutter.moum.hardware_buttons.VolumeButtonStreamHandler$volumeButtonListener$1 volumeButtonListener -> c
    android.app.Activity activity -> d
    android.app.Application application -> a
    io.flutter.plugin.common.EventChannel$EventSink streamSink -> b
    io.flutter.plugin.common.EventChannel$EventSink access$getStreamSink$p(flutter.moum.hardware_buttons.VolumeButtonStreamHandler) -> a
    void onCancel(java.lang.Object) -> a
    void onListen(java.lang.Object,io.flutter.plugin.common.EventChannel$EventSink) -> a
flutter.moum.hardware_buttons.VolumeButtonStreamHandler$volumeButtonListener$1 -> c.a.a.i$a:
    flutter.moum.hardware_buttons.VolumeButtonStreamHandler this$0 -> a
    void onVolumeButtonEvent(flutter.moum.hardware_buttons.HardwareButtonsWatcherManager$VolumeButtonEvent) -> a